<?xml version="1.0" encoding="UTF-8"?>
<!-- Generated by org.testng.reporters.JUnitReportReporter -->
<testsuite hostname="DESKTOP-C55JKVO" failures="0" tests="1" name="Testcases.TC_SignUp_003" time="29.015" errors="0" timestamp="2022-10-12T16:14:04 IST" skipped="0">
  <testcase classname="Testcases.TC_SignUp_003" name="signuptest" time="29.015"/>
  <system-out/>
</testsuite> <!-- Testcases.TC_SignUp_003 -->
